<?xml version="1.0" encoding="UTF-8"?>
<robot generator="Robot 7.3.2 (Python 3.13.5 on linux)" generated="2025-12-12T10:21:54.820134" rpa="false" schemaversion="5">
<suite id="s1" name="Hola" source="/home/diego/Proyectos/01-taller-salesianos/ROBOT/test/hola.robot">
<test id="s1-t1" name="Verificar Saludo En Consola" line="8">
<kw name="Log To Console" owner="BuiltIn">
<arg>\nHola, estoy ejecutando Robot Framework</arg>
<doc>Logs the given message to the console.</doc>
<status status="PASS" start="2025-12-12T10:21:54.848709" elapsed="0.000264"/>
</kw>
<kw name="Should Be Equal" owner="BuiltIn">
<arg>${NOMBRE}</arg>
<arg>Gemini</arg>
<doc>Fails if the given objects are unequal.</doc>
<status status="PASS" start="2025-12-12T10:21:54.849184" elapsed="0.000240"/>
</kw>
<doc>Este test imprime un saludo y verifica una variable.</doc>
<status status="PASS" start="2025-12-12T10:21:54.847781" elapsed="0.001808"/>
</test>
<test id="s1-t2" name="Mi Segundo Test Con Keyword Propia" line="13">
<kw name="Saludar A Usuario">
<kw name="Log" owner="BuiltIn">
<msg time="2025-12-12T10:21:54.850778" level="INFO">Hola Juan, bienvenido a la automatización.</msg>
<arg>Hola ${usuario}, bienvenido a la automatización.</arg>
<doc>Logs the given message with the given level.</doc>
<status status="PASS" start="2025-12-12T10:21:54.850596" elapsed="0.000253"/>
</kw>
<arg>Juan</arg>
<status status="PASS" start="2025-12-12T10:21:54.850278" elapsed="0.000643"/>
</kw>
<status status="PASS" start="2025-12-12T10:21:54.849844" elapsed="0.001208"/>
</test>
<doc>Mi primera suite de pruebas con Robot Framework</doc>
<status status="PASS" start="2025-12-12T10:21:54.821279" elapsed="0.030152"/>
</suite>
<statistics>
<total>
<stat pass="2" fail="0" skip="0">All Tests</stat>
</total>
<tag>
</tag>
<suite>
<stat name="Hola" id="s1" pass="2" fail="0" skip="0">Hola</stat>
</suite>
</statistics>
<errors>
</errors>
</robot>
