<?xml version="1.0" encoding="UTF-8"?>
<robot generator="Robot 7.3.2 (Python 3.13.5 on linux)" generated="2025-12-12T13:27:58.412015" rpa="false" schemaversion="5">
<suite id="s1" name="ROBOT" source="/home/diego/Proyectos/01-taller-salesianos/ROBOT">
<suite id="s1-s1" name="Test" source="/home/diego/Proyectos/01-taller-salesianos/ROBOT/test">
<suite id="s1-s1-s1" name="Hola" source="/home/diego/Proyectos/01-taller-salesianos/ROBOT/test/hola.robot">
<test id="s1-s1-s1-t1" name="Hacer Registro Y Login" line="11">
<kw name="Abrimos Navegador Y Vamos Al Link De Registro" owner="login">
<kw name="Abrir el navegador" owner="general">
<kw name="Open Browser" owner="SeleniumLibrary">
<msg time="2025-12-12T13:27:58.515687" level="INFO">Opening browser 'chrome' to base url 'http://localhost:8080'.</msg>
<arg>${url}</arg>
<arg>${browser}</arg>
<arg>options=add_argument("--incognito")</arg>
<doc>Opens a new browser instance to the optional ``url``.</doc>
<status status="PASS" start="2025-12-12T13:27:58.515447" elapsed="2.462556"/>
</kw>
<arg>${URL}</arg>
<arg>${BROWSER}</arg>
<status status="PASS" start="2025-12-12T13:27:58.515025" elapsed="2.463253"/>
</kw>
<kw name="Click Seguro Con Scroll" owner="general">
<kw name="Wait Until Page Contains Element" owner="SeleniumLibrary">
<arg>${localizador}</arg>
<arg>${timeout}</arg>
<doc>Waits until the element ``locator`` appears on the current page.</doc>
<status status="PASS" start="2025-12-12T13:28:00.979088" elapsed="0.037528"/>
</kw>
<kw name="Scroll Element Into View" owner="SeleniumLibrary">
<arg>${localizador}</arg>
<doc>Scrolls the element identified by ``locator`` into view.</doc>
<status status="PASS" start="2025-12-12T13:28:01.016945" elapsed="0.267714"/>
</kw>
<kw name="Wait Until Element Is Visible" owner="SeleniumLibrary">
<arg>${localizador}</arg>
<arg>${timeout}</arg>
<doc>Waits until the element ``locator`` is visible.</doc>
<status status="PASS" start="2025-12-12T13:28:01.285145" elapsed="0.020989"/>
</kw>
<kw name="Wait Until Element Is Enabled" owner="SeleniumLibrary">
<arg>${localizador}</arg>
<arg>${timeout}</arg>
<doc>Waits until the element ``locator`` is enabled.</doc>
<status status="PASS" start="2025-12-12T13:28:01.306422" elapsed="0.023751"/>
</kw>
<kw name="Click Element" owner="SeleniumLibrary">
<msg time="2025-12-12T13:28:01.330943" level="INFO">Clicking element 'xpath://a[contains(text(),'Regístrate aquí')]'.</msg>
<arg>${localizador}</arg>
<doc>Click the element identified by ``locator``.</doc>
<status status="PASS" start="2025-12-12T13:28:01.330467" elapsed="0.064075"/>
</kw>
<arg>${link_registro}</arg>
<doc>Espera a que el elemento sea visible, hace scroll hasta él y hace click.</doc>
<status status="PASS" start="2025-12-12T13:28:00.978563" elapsed="0.416209"/>
</kw>
<status status="PASS" start="2025-12-12T13:27:58.514673" elapsed="2.880213"/>
</kw>
<kw name="Hacer Registro" owner="register">
<kw name="Input Text" owner="SeleniumLibrary">
<msg time="2025-12-12T13:28:01.395945" level="INFO">Typing text 'Super Usuario Pepito' into text field 'css=#name'.</msg>
<arg>${reg_input_nombre_completo}</arg>
<arg>${username}</arg>
<doc>Types the given ``text`` into the text field identified by ``locator``.</doc>
<status status="PASS" start="2025-12-12T13:28:01.395621" elapsed="0.109731"/>
</kw>
<kw name="Input Text" owner="SeleniumLibrary">
<msg time="2025-12-12T13:28:01.506098" level="INFO">Typing text 'pepito@elemailparatodo.com' into text field 'css=#reg-email'.</msg>
<arg>${reg-input_email}</arg>
<arg>${user_email}</arg>
<doc>Types the given ``text`` into the text field identified by ``locator``.</doc>
<status status="PASS" start="2025-12-12T13:28:01.505692" elapsed="0.076212"/>
</kw>
<kw name="Input Password" owner="SeleniumLibrary">
<msg time="2025-12-12T13:28:01.582792" level="INFO">Typing password into text field 'css=#reg-password'.</msg>
<msg time="2025-12-12T13:28:01.620000" level="INFO">Temporally setting log level to: NONE</msg>
<arg>${reg-input_password}</arg>
<arg>${user_password}</arg>
<doc>Types the given password into the text field identified by ``locator``.</doc>
<status status="PASS" start="2025-12-12T13:28:01.582243" elapsed="0.074501"/>
</kw>
<kw name="Click Seguro Con Scroll" owner="general">
<kw name="Wait Until Page Contains Element" owner="SeleniumLibrary">
<arg>${localizador}</arg>
<arg>${timeout}</arg>
<doc>Waits until the element ``locator`` appears on the current page.</doc>
<status status="PASS" start="2025-12-12T13:28:01.657966" elapsed="0.012351"/>
</kw>
<kw name="Scroll Element Into View" owner="SeleniumLibrary">
<arg>${localizador}</arg>
<doc>Scrolls the element identified by ``locator`` into view.</doc>
<status status="PASS" start="2025-12-12T13:28:01.670604" elapsed="0.264713"/>
</kw>
<kw name="Wait Until Element Is Visible" owner="SeleniumLibrary">
<arg>${localizador}</arg>
<arg>${timeout}</arg>
<doc>Waits until the element ``locator`` is visible.</doc>
<status status="PASS" start="2025-12-12T13:28:01.935905" elapsed="0.013726"/>
</kw>
<kw name="Wait Until Element Is Enabled" owner="SeleniumLibrary">
<arg>${localizador}</arg>
<arg>${timeout}</arg>
<doc>Waits until the element ``locator`` is enabled.</doc>
<status status="PASS" start="2025-12-12T13:28:01.949902" elapsed="0.016481"/>
</kw>
<kw name="Click Element" owner="SeleniumLibrary">
<msg time="2025-12-12T13:28:01.967024" level="INFO">Clicking element 'xpath://button[contains(normalize-space(.),Resgistrarme)]'.</msg>
<arg>${localizador}</arg>
<doc>Click the element identified by ``locator``.</doc>
<status status="PASS" start="2025-12-12T13:28:01.966665" elapsed="0.059315"/>
</kw>
<arg>${button_registrarme}</arg>
<doc>Espera a que el elemento sea visible, hace scroll hasta él y hace click.</doc>
<status status="PASS" start="2025-12-12T13:28:01.657285" elapsed="0.368935"/>
</kw>
<status status="PASS" start="2025-12-12T13:28:01.395171" elapsed="0.631160"/>
</kw>
<kw name="Hacer Login" owner="login">
<kw name="Input Text" owner="SeleniumLibrary">
<msg time="2025-12-12T13:28:02.027380" level="INFO">Typing text 'pepito@elemailparatodo.com' into text field 'id=email'.</msg>
<arg>${login_input_email}</arg>
<arg>${user_email}</arg>
<doc>Types the given ``text`` into the text field identified by ``locator``.</doc>
<status status="PASS" start="2025-12-12T13:28:02.027061" elapsed="0.074050"/>
</kw>
<kw name="Input Password" owner="SeleniumLibrary">
<msg time="2025-12-12T13:28:02.102143" level="INFO">Typing password into text field 'id=password'.</msg>
<msg time="2025-12-12T13:28:02.136324" level="INFO">Temporally setting log level to: NONE</msg>
<arg>${login_input_password}</arg>
<arg>${user_password}</arg>
<doc>Types the given password into the text field identified by ``locator``.</doc>
<status status="PASS" start="2025-12-12T13:28:02.101548" elapsed="0.069851"/>
</kw>
<kw name="Click Seguro Con Scroll" owner="general">
<kw name="Wait Until Page Contains Element" owner="SeleniumLibrary">
<arg>${localizador}</arg>
<arg>${timeout}</arg>
<doc>Waits until the element ``locator`` appears on the current page.</doc>
<status status="PASS" start="2025-12-12T13:28:02.172180" elapsed="0.012029"/>
</kw>
<kw name="Scroll Element Into View" owner="SeleniumLibrary">
<arg>${localizador}</arg>
<doc>Scrolls the element identified by ``locator`` into view.</doc>
<status status="PASS" start="2025-12-12T13:28:02.184690" elapsed="0.274407"/>
</kw>
<kw name="Wait Until Element Is Visible" owner="SeleniumLibrary">
<arg>${localizador}</arg>
<arg>${timeout}</arg>
<doc>Waits until the element ``locator`` is visible.</doc>
<status status="PASS" start="2025-12-12T13:28:02.459623" elapsed="0.016385"/>
</kw>
<kw name="Wait Until Element Is Enabled" owner="SeleniumLibrary">
<arg>${localizador}</arg>
<arg>${timeout}</arg>
<doc>Waits until the element ``locator`` is enabled.</doc>
<status status="PASS" start="2025-12-12T13:28:02.476402" elapsed="0.018467"/>
</kw>
<kw name="Click Element" owner="SeleniumLibrary">
<msg time="2025-12-12T13:28:02.495502" level="INFO">Clicking element 'xpath://button[contains(@class, 'bg-red-600')]'.</msg>
<arg>${localizador}</arg>
<doc>Click the element identified by ``locator``.</doc>
<status status="PASS" start="2025-12-12T13:28:02.495133" elapsed="0.055306"/>
</kw>
<arg>${login_button}</arg>
<doc>Espera a que el elemento sea visible, hace scroll hasta él y hace click.</doc>
<status status="PASS" start="2025-12-12T13:28:02.171738" elapsed="0.379158"/>
</kw>
<status status="PASS" start="2025-12-12T13:28:02.026643" elapsed="0.524411"/>
</kw>
<kw name="Validar Que Estamos En El Dashboard" owner="landing">
<kw name="Wait Until Element Is Visible" owner="SeleniumLibrary">
<arg>${titulo}</arg>
<doc>Waits until the element ``locator`` is visible.</doc>
<status status="PASS" start="2025-12-12T13:28:02.551974" elapsed="0.024453"/>
</kw>
<status status="PASS" start="2025-12-12T13:28:02.551402" elapsed="0.025322"/>
</kw>
<kw name="Cerrar Sesion" owner="landing">
<kw name="Click Seguro Con Scroll" owner="general">
<kw name="Wait Until Page Contains Element" owner="SeleniumLibrary">
<arg>${localizador}</arg>
<arg>${timeout}</arg>
<doc>Waits until the element ``locator`` appears on the current page.</doc>
<status status="PASS" start="2025-12-12T13:28:02.577817" elapsed="0.011070"/>
</kw>
<kw name="Scroll Element Into View" owner="SeleniumLibrary">
<arg>${localizador}</arg>
<doc>Scrolls the element identified by ``locator`` into view.</doc>
<status status="PASS" start="2025-12-12T13:28:02.589182" elapsed="0.280708"/>
</kw>
<kw name="Wait Until Element Is Visible" owner="SeleniumLibrary">
<arg>${localizador}</arg>
<arg>${timeout}</arg>
<doc>Waits until the element ``locator`` is visible.</doc>
<status status="PASS" start="2025-12-12T13:28:02.870331" elapsed="0.014037"/>
</kw>
<kw name="Wait Until Element Is Enabled" owner="SeleniumLibrary">
<arg>${localizador}</arg>
<arg>${timeout}</arg>
<doc>Waits until the element ``locator`` is enabled.</doc>
<status status="PASS" start="2025-12-12T13:28:02.884766" elapsed="0.014671"/>
</kw>
<kw name="Click Element" owner="SeleniumLibrary">
<msg time="2025-12-12T13:28:02.900042" level="INFO">Clicking element 'xpath://button[contains(text(),'Logout')]'.</msg>
<arg>${localizador}</arg>
<doc>Click the element identified by ``locator``.</doc>
<status status="PASS" start="2025-12-12T13:28:02.899694" elapsed="0.059963"/>
</kw>
<arg>${button_logout}</arg>
<doc>Espera a que el elemento sea visible, hace scroll hasta él y hace click.</doc>
<status status="PASS" start="2025-12-12T13:28:02.577448" elapsed="0.382481"/>
</kw>
<kw name="Wait Until Element Is Visible" owner="SeleniumLibrary">
<arg>${button_entrar}</arg>
<doc>Waits until the element ``locator`` is visible.</doc>
<status status="PASS" start="2025-12-12T13:28:02.960171" elapsed="0.015708"/>
</kw>
<kw name="Close Browser" owner="SeleniumLibrary">
<doc>Closes the current browser.</doc>
<status status="PASS" start="2025-12-12T13:28:02.976139" elapsed="0.082463"/>
</kw>
<status status="PASS" start="2025-12-12T13:28:02.577025" elapsed="0.481784"/>
</kw>
<status status="PASS" start="2025-12-12T13:27:58.512652" elapsed="4.546395"/>
</test>
<doc>Probamos el front de taller Salesianos</doc>
<status status="PASS" start="2025-12-12T13:27:58.433917" elapsed="4.628989"/>
</suite>
<status status="PASS" start="2025-12-12T13:27:58.427912" elapsed="4.649715"/>
</suite>
<status status="PASS" start="2025-12-12T13:27:58.414251" elapsed="4.666067"/>
</suite>
<statistics>
<total>
<stat pass="1" fail="0" skip="0">All Tests</stat>
</total>
<tag>
</tag>
<suite>
<stat name="ROBOT" id="s1" pass="1" fail="0" skip="0">ROBOT</stat>
<stat name="Test" id="s1-s1" pass="1" fail="0" skip="0">ROBOT.Test</stat>
<stat name="Hola" id="s1-s1-s1" pass="1" fail="0" skip="0">ROBOT.Test.Hola</stat>
</suite>
</statistics>
<errors>
</errors>
</robot>
